<?xml version="1.0" encoding="UTF-8"?>
<!-- Generated by org.testng.reporters.JUnitReportReporter -->
<testsuite skipped="0" hostname="DESKTOP-TK3J6EM" name="runner.Runner$RunTest" tests="1" failures="0" timestamp="05 Jun 2020 16:15:45 GMT" time="26.771" errors="0">
  <testcase name="runScenario" time="26.771" classname="runner.Runner$RunTest"/>
</testsuite> <!-- runner.Runner$RunTest -->
